ValidationError: Student validation failed: industryTrack: `Arts / Engineering` is not a valid enum value for path `industryTrack`.
    at model.validate (C:\Users\ADMIN\Desktop\job fair\job-fair\node_modules\mongoose\lib\document.js:2864:36)
    at process.processTicksAndRejections (node:internal/process/task_queues:104:5)
    at async model.$__save (C:\Users\ADMIN\Desktop\job fair\job-fair\node_modules\mongoose\lib\model.js:393:7)
    at async model.save (C:\Users\ADMIN\Desktop\job fair\job-fair\node_modules\mongoose\lib\model.js:667:5)
    at async GET (C:\Users\ADMIN\Desktop\job fair\job-fair\.next\dev\server\chunks\[root-of-the-server]__0buynnl._.js:8531:13)
    at async AppRouteRouteModule.do (C:\Users\ADMIN\Desktop\job fair\job-fair\node_modules\next\dist\compiled\next-server\app-route-turbo.runtime.dev.js:5:40131)
    at async AppRouteRouteModule.handle (C:\Users\ADMIN\Desktop\job fair\job-fair\node_modules\next\dist\compiled\next-server\app-route-turbo.runtime.dev.js:5:47411)
    at async responseGenerator (C:\Users\ADMIN\Desktop\job fair\job-fair\.next\dev\server\chunks\[root-of-the-server]__0w8iz30._.js:24828:38)
    at async AppRouteRouteModule.handleResponse (C:\Users\ADMIN\Desktop\job fair\job-fair\node_modules\next\dist\compiled\next-server\app-route-turbo.runtime.dev.js:1:228552)
    at async handleResponse (C:\Users\ADMIN\Desktop\job fair\job-fair\.next\dev\server\chunks\[root-of-the-server]__0w8iz30._.js:24891:32)
    at async Module.handler (C:\Users\ADMIN\Desktop\job fair\job-fair\.next\dev\server\chunks\[root-of-the-server]__0w8iz30._.js:24945:13)
    at async DevServer.renderToResponseWithComponentsImpl (C:\Users\ADMIN\Desktop\job fair\job-fair\node_modules\next\dist\server\base-server.js:1462:9)
    at async DevServer.renderPageComponent (C:\Users\ADMIN\Desktop\job fair\job-fair\node_modules\next\dist\server\base-server.js:1514:24)
    at async DevServer.renderToResponseImpl (C:\Users\ADMIN\Desktop\job fair\job-fair\node_modules\next\dist\server\base-server.js:1564:32)
    at async DevServer.pipeImpl (C:\Users\ADMIN\Desktop\job fair\job-fair\node_modules\next\dist\server\base-server.js:1044:25)
    at async NextNodeServer.handleCatchallRenderRequest (C:\Users\ADMIN\Desktop\job fair\job-fair\node_modules\next\dist\server\next-server.js:338:17)
    at async DevServer.handleRequestImpl (C:\Users\ADMIN\Desktop\job fair\job-fair\node_modules\next\dist\server\base-server.js:935:17)
    at async C:\Users\ADMIN\Desktop\job fair\job-fair\node_modules\next\dist\server\dev\next-dev-server.js:394:20
    at async Span.traceAsyncFn (C:\Users\ADMIN\Desktop\job fair\job-fair\node_modules\next\dist\trace\trace.js:164:20)
    at async DevServer.handleRequest (C:\Users\ADMIN\Desktop\job fair\job-fair\node_modules\next\dist\server\dev\next-dev-server.js:390:24)
    at async invokeRender (C:\Users\ADMIN\Desktop\job fair\job-fair\node_modules\next\dist\server\lib\router-server.js:266:21)
    at async handleRequest (C:\Users\ADMIN\Desktop\job fair\job-fair\node_modules\next\dist\server\lib\router-server.js:465:24)
    at async requestHandlerImpl (C:\Users\ADMIN\Desktop\job fair\job-fair\node_modules\next\dist\server\lib\router-server.js:514:13)
    at async Server.requestListener (C:\Users\ADMIN\Desktop\job fair\job-fair\node_modules\next\dist\server\lib\start-server.js:225:13)\nValidationError: Student validation failed: industryTrack: `Arts / Engineering` is not a valid enum value for path `industryTrack`.
    at model.validate (C:\Users\ADMIN\Desktop\job fair\job-fair\node_modules\mongoose\lib\document.js:2864:36)
    at process.processTicksAndRejections (node:internal/process/task_queues:104:5)
    at async model.$__save (C:\Users\ADMIN\Desktop\job fair\job-fair\node_modules\mongoose\lib\model.js:393:7)
    at async model.save (C:\Users\ADMIN\Desktop\job fair\job-fair\node_modules\mongoose\lib\model.js:667:5)
    at async GET (C:\Users\ADMIN\Desktop\job fair\job-fair\.next\dev\server\chunks\[root-of-the-server]__0buynnl._.js:8526:13)
    at async AppRouteRouteModule.do (C:\Users\ADMIN\Desktop\job fair\job-fair\node_modules\next\dist\compiled\next-server\app-route-turbo.runtime.dev.js:5:40131)
    at async AppRouteRouteModule.handle (C:\Users\ADMIN\Desktop\job fair\job-fair\node_modules\next\dist\compiled\next-server\app-route-turbo.runtime.dev.js:5:47411)
    at async responseGenerator (C:\Users\ADMIN\Desktop\job fair\job-fair\.next\dev\server\chunks\[root-of-the-server]__0w8iz30._.js:24828:38)
    at async AppRouteRouteModule.handleResponse (C:\Users\ADMIN\Desktop\job fair\job-fair\node_modules\next\dist\compiled\next-server\app-route-turbo.runtime.dev.js:1:228552)
    at async handleResponse (C:\Users\ADMIN\Desktop\job fair\job-fair\.next\dev\server\chunks\[root-of-the-server]__0w8iz30._.js:24891:32)
    at async Module.handler (C:\Users\ADMIN\Desktop\job fair\job-fair\.next\dev\server\chunks\[root-of-the-server]__0w8iz30._.js:24945:13)
    at async DevServer.renderToResponseWithComponentsImpl (C:\Users\ADMIN\Desktop\job fair\job-fair\node_modules\next\dist\server\base-server.js:1462:9)
    at async DevServer.renderPageComponent (C:\Users\ADMIN\Desktop\job fair\job-fair\node_modules\next\dist\server\base-server.js:1514:24)
    at async DevServer.renderToResponseImpl (C:\Users\ADMIN\Desktop\job fair\job-fair\node_modules\next\dist\server\base-server.js:1564:32)
    at async DevServer.pipeImpl (C:\Users\ADMIN\Desktop\job fair\job-fair\node_modules\next\dist\server\base-server.js:1044:25)
    at async NextNodeServer.handleCatchallRenderRequest (C:\Users\ADMIN\Desktop\job fair\job-fair\node_modules\next\dist\server\next-server.js:338:17)
    at async DevServer.handleRequestImpl (C:\Users\ADMIN\Desktop\job fair\job-fair\node_modules\next\dist\server\base-server.js:935:17)
    at async C:\Users\ADMIN\Desktop\job fair\job-fair\node_modules\next\dist\server\dev\next-dev-server.js:394:20
    at async Span.traceAsyncFn (C:\Users\ADMIN\Desktop\job fair\job-fair\node_modules\next\dist\trace\trace.js:164:20)
    at async DevServer.handleRequest (C:\Users\ADMIN\Desktop\job fair\job-fair\node_modules\next\dist\server\dev\next-dev-server.js:390:24)
    at async invokeRender (C:\Users\ADMIN\Desktop\job fair\job-fair\node_modules\next\dist\server\lib\router-server.js:266:21)
    at async handleRequest (C:\Users\ADMIN\Desktop\job fair\job-fair\node_modules\next\dist\server\lib\router-server.js:465:24)
    at async requestHandlerImpl (C:\Users\ADMIN\Desktop\job fair\job-fair\node_modules\next\dist\server\lib\router-server.js:514:13)
    at async Server.requestListener (C:\Users\ADMIN\Desktop\job fair\job-fair\node_modules\next\dist\server\lib\start-server.js:225:13)\n